[orch] batch/20260411T215004: starting batch planning
[orch] batch/20260411T215004: created orch branch (orchBranch=orch/martin-20260411T215004 baseBranch=main)
[orch] state/20260411T215004: persisted: batch-start (phase=executing waveIndex=-1)
[orch] batch/20260411T215004: Runtime V2 backend selected
[orch] state/20260411T215004: persisted: wave-index-change (phase=executing waveIndex=0)
[orch] wave/W1: starting wave execution (tasks=1 policy=skip-dependents batchId=20260411T215004)
[orch] state/20260411T215004: persisted: segment-start (phase=executing waveIndex=0)
[orch] wave/W1: lanes allocated (laneCount=1 totalTasks=1)
[orch] wave/W1: using Runtime V2 backend (executeLaneV2)
[orch] lane-1/LANE: starting Runtime V2 execution of 1 task(s) (worktree=/home/martin/dev/pi-clean/.worktrees/martin-20260411T215004/lane-1 agentPrefix=orch-martin)
[orch] monitor/ALL: starting monitoring for 1 lane(s), 1 task(s) (pollIntervalMs=5000 stallTimeoutMin=60)
[orch] state/20260411T215004: persisted: task-transition (phase=executing waveIndex=0)
[orch] monitor/ALL: poll #1: 0/1 done, 0 failed, 1 active lane(s)
[orch] lane-1/TP-001: committed task artifacts to lane branch (commit=[task/martin-lane-1-20260411T215004 8011a33] checkpoint: TP-001 task artifacts (.DONE, STATUS.md))
[orch] state/20260411T215004: persisted: task-transition (phase=executing waveIndex=0)
[orch] monitor/ALL: poll #27: 1/1 done, 0 failed, 0 active lane(s)
[orch] monitor/ALL: all lanes terminal — monitoring complete (done=1 failed=0 total=1 polls=27)
[orch] wave/W1: wave execution complete: succeeded (succeeded=1 failed=0 skipped=0 blocked=0 elapsed=122s stoppedEarly=false)
[orch] state/20260411T215004: persisted: wave-execution-complete (phase=executing waveIndex=0)
[orch] state/20260411T215004: persisted: merge-start (phase=merging waveIndex=0)
[orch] merge-health/monitor: merge health monitor started (sessionCount=0 pollIntervalMs=120000)
[orch] merge/W1: merging across 1 repo group(s) (repos=(default) totalLanes=1)
[orch] merge/W1: merging 1 lane(s) (order=fewest-files-first lanes=1)
[orch] merge/W1: merge worktree created (worktree=/home/martin/dev/pi-clean/.worktrees/martin-20260411T215004/merge tempBranch=_merge-temp-martin-20260411T215004)
[orch] merge/orch-martin-merge-1: starting merge for lane 1 (sourceBranch=task/martin-lane-1-20260411T215004 targetBranch=orch/martin-20260411T215004 baseHEAD=8826c683 laneHEAD=8011a333)
[orch] merge/orch-martin-merge-1: spawning merge agent via Runtime V2 (direct agent-host) (mergeWorkDir=/home/martin/dev/pi-clean/.worktrees/martin-20260411T215004/merge mergeRequestPath=/home/martin/dev/pi-clean/.pi/merge-request-w1-lane1-martin-20260411T215004.txt)
[orch] merge/orch-martin-merge-1: waiting for merge result (resultPath=/home/martin/dev/pi-clean/.pi/merge-result-w1-lane1-martin-20260411T215004.json timeoutMs=5400000 backend=v2)
[orch] merge/orch-martin-merge-1: merge result received (status=SUCCESS elapsed=38094)
[orch] merge/orch-martin-merge-1: merge succeeded (mergeCommit=749a064a duration=38s)
[orch] merge/W1: transaction record persisted (file=txn-b20260411T215004-repo-default-wave-1-lane-1.json status=committed)
[orch] merge/W1: no task artifacts to stage (0 of 3 candidates present/changed, 2 preserved from lane merge)
[orch] merge/W1: updated orch/martin-20260411T215004 ref to merge result (targetBranch=orch/martin-20260411T215004 commit=749a064a)
[orch] merge/orch-martin-merge-1: merge agent exited (V2) (exitCode=null durationMs=38131 costUsd=0 killed=true)
[orch] merge/W1: wave merge complete: succeeded (mergedLanes=1 failedLane=0 duration=39s)
[orch] merge-health/monitor: merge health monitor stopped (sessionCount=0)
[orch] state/20260411T215004: persisted: merge-complete (phase=merging waveIndex=0)
[orch] state/20260411T215004: persisted: merge-complete (phase=executing waveIndex=0)
[orch] batch/20260411T215004: worktree reset OK for lane 1
[orch] state/20260411T215004: persisted: wave-index-change (phase=executing waveIndex=1)
[orch] wave/W2: starting wave execution (tasks=4 policy=skip-dependents batchId=20260411T215004)
[orch] state/20260411T215004: persisted: segment-start (phase=executing waveIndex=1)
[orch] wave/W2: lanes allocated (laneCount=3 totalTasks=4)
[orch] wave/W2: using Runtime V2 backend (executeLaneV2)
[orch] lane-1/LANE: starting Runtime V2 execution of 2 task(s) (worktree=/home/martin/dev/pi-clean/.worktrees/martin-20260411T215004/lane-1 agentPrefix=orch-martin)
[orch] lane-2/LANE: starting Runtime V2 execution of 1 task(s) (worktree=/home/martin/dev/pi-clean/.worktrees/martin-20260411T215004/lane-2 agentPrefix=orch-martin)
[orch] lane-3/LANE: starting Runtime V2 execution of 1 task(s) (worktree=/home/martin/dev/pi-clean/.worktrees/martin-20260411T215004/lane-3 agentPrefix=orch-martin)
[orch] monitor/ALL: starting monitoring for 3 lane(s), 4 task(s) (pollIntervalMs=5000 stallTimeoutMin=60)
[orch] state/20260411T215004: persisted: task-transition (phase=executing waveIndex=1)
[orch] monitor/ALL: poll #1: 0/4 done, 0 failed, 3 active lane(s)
[orch] lane-1/TP-002: committed task artifacts to lane branch (commit=[task/martin-lane-1-20260411T215004 89297a8] checkpoint: TP-002 task artifacts (.DONE, STATUS.md))
[orch] state/20260411T215004: persisted: task-transition (phase=executing waveIndex=1)
[orch] monitor/ALL: poll #36: 1/4 done, 0 failed, 3 active lane(s)
[orch] lane-2/TP-003: committed task artifacts to lane branch (commit=[task/martin-lane-2-20260411T215004 67603cf] checkpoint: TP-003 task artifacts (.DONE, STATUS.md))
[orch] state/20260411T215004: persisted: task-transition (phase=executing waveIndex=1)
[orch] monitor/ALL: poll #39: 2/4 done, 0 failed, 2 active lane(s)
[orch] lane-3/TP-004: committed task artifacts to lane branch (commit=[task/martin-lane-3-20260411T215004 fc86eb9] checkpoint: TP-004 task artifacts (.DONE, STATUS.md))
[orch] state/20260411T215004: persisted: task-transition (phase=executing waveIndex=1)
[orch] monitor/ALL: poll #51: 3/4 done, 0 failed, 1 active lane(s)
[orch] lane-1/TP-005: committed task artifacts to lane branch (commit=[task/martin-lane-1-20260411T215004 bd095d5] checkpoint: TP-005 task artifacts (.DONE, STATUS.md))
[orch] state/20260411T215004: persisted: task-transition (phase=executing waveIndex=1)
[orch] monitor/ALL: poll #69: 4/4 done, 0 failed, 0 active lane(s)
[orch] monitor/ALL: all lanes terminal — monitoring complete (done=4 failed=0 total=4 polls=69)
[orch] wave/W2: wave execution complete: succeeded (succeeded=4 failed=0 skipped=0 blocked=0 elapsed=319s stoppedEarly=false)
[orch] state/20260411T215004: persisted: wave-execution-complete (phase=executing waveIndex=1)
[orch] state/20260411T215004: persisted: merge-start (phase=merging waveIndex=1)
[orch] merge-health/monitor: merge health monitor started (sessionCount=0 pollIntervalMs=120000)
[orch] merge/W2: merging across 1 repo group(s) (repos=(default) totalLanes=3)
[orch] merge/W2: merging 3 lane(s) (order=fewest-files-first lanes=1,2,3)
[orch] merge/W2: merge worktree created (worktree=/home/martin/dev/pi-clean/.worktrees/martin-20260411T215004/merge tempBranch=_merge-temp-martin-20260411T215004)
[orch] merge/orch-martin-merge-1: starting merge for lane 1 (sourceBranch=task/martin-lane-1-20260411T215004 targetBranch=orch/martin-20260411T215004 baseHEAD=749a064a laneHEAD=bd095d5c)
[orch] merge/orch-martin-merge-1: spawning merge agent via Runtime V2 (direct agent-host) (mergeWorkDir=/home/martin/dev/pi-clean/.worktrees/martin-20260411T215004/merge mergeRequestPath=/home/martin/dev/pi-clean/.pi/merge-request-w2-lane1-martin-20260411T215004.txt)
[orch] merge/orch-martin-merge-1: waiting for merge result (resultPath=/home/martin/dev/pi-clean/.pi/merge-result-w2-lane1-martin-20260411T215004.json timeoutMs=5400000 backend=v2)
[orch] merge/orch-martin-merge-1: merge result received (status=SUCCESS elapsed=34029)
[orch] merge/orch-martin-merge-1: merge succeeded (mergeCommit=97879800 duration=34s)
[orch] merge/W2: transaction record persisted (file=txn-b20260411T215004-repo-default-wave-2-lane-1.json status=committed)
[orch] merge/orch-martin-merge-2: starting merge for lane 2 (sourceBranch=task/martin-lane-2-20260411T215004 targetBranch=orch/martin-20260411T215004 baseHEAD=97879800 laneHEAD=67603cf4)
[orch] merge/orch-martin-merge-2: spawning merge agent via Runtime V2 (direct agent-host) (mergeWorkDir=/home/martin/dev/pi-clean/.worktrees/martin-20260411T215004/merge mergeRequestPath=/home/martin/dev/pi-clean/.pi/merge-request-w2-lane2-martin-20260411T215004.txt)
[orch] merge/orch-martin-merge-2: waiting for merge result (resultPath=/home/martin/dev/pi-clean/.pi/merge-result-w2-lane2-martin-20260411T215004.json timeoutMs=5400000 backend=v2)
[orch] merge/orch-martin-merge-1: merge agent exited (V2) (exitCode=null durationMs=34049 costUsd=0 killed=true)
[orch] merge/orch-martin-merge-2: merge result received (status=SUCCESS elapsed=38028)
[orch] merge/orch-martin-merge-2: merge succeeded (mergeCommit=c4d24b9b duration=38s)
[orch] merge/W2: transaction record persisted (file=txn-b20260411T215004-repo-default-wave-2-lane-2.json status=committed)
[orch] merge/orch-martin-merge-3: starting merge for lane 3 (sourceBranch=task/martin-lane-3-20260411T215004 targetBranch=orch/martin-20260411T215004 baseHEAD=c4d24b9b laneHEAD=fc86eb9b)
[orch] merge/orch-martin-merge-3: spawning merge agent via Runtime V2 (direct agent-host) (mergeWorkDir=/home/martin/dev/pi-clean/.worktrees/martin-20260411T215004/merge mergeRequestPath=/home/martin/dev/pi-clean/.pi/merge-request-w2-lane3-martin-20260411T215004.txt)
[orch] merge/orch-martin-merge-3: waiting for merge result (resultPath=/home/martin/dev/pi-clean/.pi/merge-result-w2-lane3-martin-20260411T215004.json timeoutMs=5400000 backend=v2)
[orch] merge/orch-martin-merge-2: merge agent exited (V2) (exitCode=null durationMs=38052 costUsd=0 killed=true)
[orch] merge/orch-martin-merge-3: merge result received (status=SUCCESS elapsed=30121)
[orch] merge/orch-martin-merge-3: merge succeeded (mergeCommit=9f80e54a duration=30s)
[orch] merge/W2: transaction record persisted (file=txn-b20260411T215004-repo-default-wave-2-lane-3.json status=committed)
[orch] merge/W2: no task artifacts to stage (0 of 12 candidates present/changed, 8 preserved from lane merge)
[orch] merge/W2: updated orch/martin-20260411T215004 ref to merge result (targetBranch=orch/martin-20260411T215004 commit=9f80e54a)
[orch] merge/orch-martin-merge-3: merge agent exited (V2) (exitCode=null durationMs=30157 costUsd=0 killed=true)
[orch] merge/W2: wave merge complete: succeeded (mergedLanes=3 failedLane=0 duration=103s)
[orch] merge-health/monitor: merge health monitor stopped (sessionCount=0)
[orch] state/20260411T215004: persisted: merge-complete (phase=merging waveIndex=1)
[orch] state/20260411T215004: persisted: merge-complete (phase=executing waveIndex=1)
[orch] batch/20260411T215004: worktree reset OK for lane 1
[orch] batch/20260411T215004: worktree reset OK for lane 2
[orch] batch/20260411T215004: worktree reset OK for lane 3
[orch] state/20260411T215004: persisted: wave-index-change (phase=executing waveIndex=2)
[orch] wave/W3: starting wave execution (tasks=1 policy=skip-dependents batchId=20260411T215004)
[orch] state/20260411T215004: persisted: segment-start (phase=executing waveIndex=2)
[orch] wave/W3: lanes allocated (laneCount=1 totalTasks=1)
[orch] wave/W3: using Runtime V2 backend (executeLaneV2)
[orch] lane-1/LANE: starting Runtime V2 execution of 1 task(s) (worktree=/home/martin/dev/pi-clean/.worktrees/martin-20260411T215004/lane-1 agentPrefix=orch-martin)
[orch] monitor/ALL: starting monitoring for 1 lane(s), 1 task(s) (pollIntervalMs=5000 stallTimeoutMin=60)
[orch] state/20260411T215004: persisted: task-transition (phase=executing waveIndex=2)
[orch] monitor/ALL: poll #1: 0/1 done, 0 failed, 1 active lane(s)
[orch] lane-1/TP-006: committed task artifacts to lane branch (commit=[task/martin-lane-1-20260411T215004 435f5f3] checkpoint: TP-006 task artifacts (.DONE, STATUS.md))
[orch] state/20260411T215004: persisted: task-transition (phase=executing waveIndex=2)
[orch] monitor/ALL: poll #40: 1/1 done, 0 failed, 0 active lane(s)
[orch] monitor/ALL: all lanes terminal — monitoring complete (done=1 failed=0 total=1 polls=40)
[orch] wave/W3: wave execution complete: succeeded (succeeded=1 failed=0 skipped=0 blocked=0 elapsed=183s stoppedEarly=false)
[orch] state/20260411T215004: persisted: wave-execution-complete (phase=executing waveIndex=2)
[orch] state/20260411T215004: persisted: merge-start (phase=merging waveIndex=2)
[orch] merge-health/monitor: merge health monitor started (sessionCount=0 pollIntervalMs=120000)
[orch] merge/W3: merging across 1 repo group(s) (repos=(default) totalLanes=1)
[orch] merge/W3: merging 1 lane(s) (order=fewest-files-first lanes=1)
[orch] merge/W3: merge worktree created (worktree=/home/martin/dev/pi-clean/.worktrees/martin-20260411T215004/merge tempBranch=_merge-temp-martin-20260411T215004)
[orch] merge/orch-martin-merge-1: starting merge for lane 1 (sourceBranch=task/martin-lane-1-20260411T215004 targetBranch=orch/martin-20260411T215004 baseHEAD=9f80e54a laneHEAD=435f5f36)
[orch] merge/orch-martin-merge-1: spawning merge agent via Runtime V2 (direct agent-host) (mergeWorkDir=/home/martin/dev/pi-clean/.worktrees/martin-20260411T215004/merge mergeRequestPath=/home/martin/dev/pi-clean/.pi/merge-request-w3-lane1-martin-20260411T215004.txt)
[orch] merge/orch-martin-merge-1: waiting for merge result (resultPath=/home/martin/dev/pi-clean/.pi/merge-result-w3-lane1-martin-20260411T215004.json timeoutMs=5400000 backend=v2)
[orch] merge/orch-martin-merge-1: merge result received (status=SUCCESS elapsed=34069)
[orch] merge/orch-martin-merge-1: merge succeeded (mergeCommit=422a3ae6 duration=34s)
[orch] merge/W3: transaction record persisted (file=txn-b20260411T215004-repo-default-wave-3-lane-1.json status=committed)
[orch] merge/W3: no task artifacts to stage (0 of 3 candidates present/changed, 2 preserved from lane merge)
[orch] merge/W3: updated orch/martin-20260411T215004 ref to merge result (targetBranch=orch/martin-20260411T215004 commit=422a3ae6)
[orch] merge/orch-martin-merge-1: merge agent exited (V2) (exitCode=null durationMs=34102 costUsd=0 killed=true)
[orch] merge/W3: wave merge complete: succeeded (mergedLanes=1 failedLane=0 duration=35s)
[orch] merge-health/monitor: merge health monitor stopped (sessionCount=0)
[orch] state/20260411T215004: persisted: merge-complete (phase=merging waveIndex=2)
[orch] state/20260411T215004: persisted: merge-complete (phase=executing waveIndex=2)
[orch] batch/20260411T215004: worktree reset OK for lane 1
[orch] batch/20260411T215004: worktree reset OK for lane 2
[orch] batch/20260411T215004: worktree reset OK for lane 3
[orch] state/20260411T215004: persisted: wave-index-change (phase=executing waveIndex=3)
[orch] wave/W4: starting wave execution (tasks=1 policy=skip-dependents batchId=20260411T215004)
[orch] state/20260411T215004: persisted: segment-start (phase=executing waveIndex=3)
[orch] wave/W4: lanes allocated (laneCount=1 totalTasks=1)
[orch] wave/W4: using Runtime V2 backend (executeLaneV2)
[orch] lane-1/LANE: starting Runtime V2 execution of 1 task(s) (worktree=/home/martin/dev/pi-clean/.worktrees/martin-20260411T215004/lane-1 agentPrefix=orch-martin)
[orch] monitor/ALL: starting monitoring for 1 lane(s), 1 task(s) (pollIntervalMs=5000 stallTimeoutMin=60)
[orch] state/20260411T215004: persisted: task-transition (phase=executing waveIndex=3)
[orch] monitor/ALL: poll #1: 0/1 done, 0 failed, 1 active lane(s)
[orch] lane-1/TP-007: committed task artifacts to lane branch (commit=[task/martin-lane-1-20260411T215004 69e2b33] checkpoint: TP-007 task artifacts (.DONE, STATUS.md))
[orch] state/20260411T215004: persisted: task-transition (phase=executing waveIndex=3)
[orch] monitor/ALL: poll #83: 1/1 done, 0 failed, 0 active lane(s)
[orch] monitor/ALL: all lanes terminal — monitoring complete (done=1 failed=0 total=1 polls=83)
[orch] wave/W4: wave execution complete: succeeded (succeeded=1 failed=0 skipped=0 blocked=0 elapsed=382s stoppedEarly=false)
[orch] state/20260411T215004: persisted: wave-execution-complete (phase=executing waveIndex=3)
[orch] state/20260411T215004: persisted: merge-start (phase=merging waveIndex=3)
[orch] merge-health/monitor: merge health monitor started (sessionCount=0 pollIntervalMs=120000)
[orch] merge/W4: merging across 1 repo group(s) (repos=(default) totalLanes=1)
[orch] merge/W4: merging 1 lane(s) (order=fewest-files-first lanes=1)
[orch] merge/W4: merge worktree created (worktree=/home/martin/dev/pi-clean/.worktrees/martin-20260411T215004/merge tempBranch=_merge-temp-martin-20260411T215004)
[orch] merge/orch-martin-merge-1: starting merge for lane 1 (sourceBranch=task/martin-lane-1-20260411T215004 targetBranch=orch/martin-20260411T215004 baseHEAD=422a3ae6 laneHEAD=69e2b33b)
[orch] merge/orch-martin-merge-1: spawning merge agent via Runtime V2 (direct agent-host) (mergeWorkDir=/home/martin/dev/pi-clean/.worktrees/martin-20260411T215004/merge mergeRequestPath=/home/martin/dev/pi-clean/.pi/merge-request-w4-lane1-martin-20260411T215004.txt)
[orch] merge/orch-martin-merge-1: waiting for merge result (resultPath=/home/martin/dev/pi-clean/.pi/merge-result-w4-lane1-martin-20260411T215004.json timeoutMs=5400000 backend=v2)
[orch] merge/orch-martin-merge-1: merge result received (status=SUCCESS elapsed=34053)
[orch] merge/orch-martin-merge-1: merge succeeded (mergeCommit=0c2bb7b4 duration=34s)
[orch] merge/W4: transaction record persisted (file=txn-b20260411T215004-repo-default-wave-4-lane-1.json status=committed)
[orch] merge/W4: no task artifacts to stage (0 of 3 candidates present/changed, 2 preserved from lane merge)
[orch] merge/W4: updated orch/martin-20260411T215004 ref to merge result (targetBranch=orch/martin-20260411T215004 commit=0c2bb7b4)
[orch] merge/orch-martin-merge-1: merge agent exited (V2) (exitCode=null durationMs=34090 costUsd=0 killed=true)
[orch] merge/W4: wave merge complete: succeeded (mergedLanes=1 failedLane=0 duration=35s)
[orch] merge-health/monitor: merge health monitor stopped (sessionCount=0)
[orch] state/20260411T215004: persisted: merge-complete (phase=merging waveIndex=3)
[orch] state/20260411T215004: persisted: merge-complete (phase=executing waveIndex=3)
[orch] batch/20260411T215004: worktree reset OK for lane 1
[orch] batch/20260411T215004: worktree reset OK for lane 2
[orch] batch/20260411T215004: worktree reset OK for lane 3
[orch] state/20260411T215004: persisted: wave-index-change (phase=executing waveIndex=4)
[orch] wave/W5: starting wave execution (tasks=1 policy=skip-dependents batchId=20260411T215004)
[orch] state/20260411T215004: persisted: segment-start (phase=executing waveIndex=4)
[orch] wave/W5: lanes allocated (laneCount=1 totalTasks=1)
[orch] wave/W5: using Runtime V2 backend (executeLaneV2)
[orch] lane-1/LANE: starting Runtime V2 execution of 1 task(s) (worktree=/home/martin/dev/pi-clean/.worktrees/martin-20260411T215004/lane-1 agentPrefix=orch-martin)
[orch] monitor/ALL: starting monitoring for 1 lane(s), 1 task(s) (pollIntervalMs=5000 stallTimeoutMin=60)
[orch] state/20260411T215004: persisted: task-transition (phase=executing waveIndex=4)
[orch] monitor/ALL: poll #1: 0/1 done, 0 failed, 1 active lane(s)
[orch] lane-1/TP-008: committed task artifacts to lane branch (commit=[task/martin-lane-1-20260411T215004 91722c1] checkpoint: TP-008 task artifacts (.DONE, STATUS.md))
[orch] state/20260411T215004: persisted: task-transition (phase=executing waveIndex=4)
[orch] monitor/ALL: poll #53: 1/1 done, 0 failed, 0 active lane(s)
[orch] monitor/ALL: all lanes terminal — monitoring complete (done=1 failed=0 total=1 polls=53)
[orch] wave/W5: wave execution complete: succeeded (succeeded=1 failed=0 skipped=0 blocked=0 elapsed=242s stoppedEarly=false)
[orch] state/20260411T215004: persisted: wave-execution-complete (phase=executing waveIndex=4)
[orch] state/20260411T215004: persisted: merge-start (phase=merging waveIndex=4)
[orch] merge-health/monitor: merge health monitor started (sessionCount=0 pollIntervalMs=120000)
[orch] merge/W5: merging across 1 repo group(s) (repos=(default) totalLanes=1)
[orch] merge/W5: merging 1 lane(s) (order=fewest-files-first lanes=1)
[orch] merge/W5: merge worktree created (worktree=/home/martin/dev/pi-clean/.worktrees/martin-20260411T215004/merge tempBranch=_merge-temp-martin-20260411T215004)
[orch] merge/orch-martin-merge-1: starting merge for lane 1 (sourceBranch=task/martin-lane-1-20260411T215004 targetBranch=orch/martin-20260411T215004 baseHEAD=0c2bb7b4 laneHEAD=91722c1b)
[orch] merge/orch-martin-merge-1: spawning merge agent via Runtime V2 (direct agent-host) (mergeWorkDir=/home/martin/dev/pi-clean/.worktrees/martin-20260411T215004/merge mergeRequestPath=/home/martin/dev/pi-clean/.pi/merge-request-w5-lane1-martin-20260411T215004.txt)
[orch] merge/orch-martin-merge-1: waiting for merge result (resultPath=/home/martin/dev/pi-clean/.pi/merge-result-w5-lane1-martin-20260411T215004.json timeoutMs=5400000 backend=v2)
[orch] merge/orch-martin-merge-1: merge result received (status=SUCCESS elapsed=30210)
[orch] merge/orch-martin-merge-1: merge succeeded (mergeCommit=1677b541 duration=30s)
[orch] merge/W5: transaction record persisted (file=txn-b20260411T215004-repo-default-wave-5-lane-1.json status=committed)
[orch] merge/W5: no task artifacts to stage (0 of 3 candidates present/changed, 2 preserved from lane merge)
[orch] merge/W5: updated orch/martin-20260411T215004 ref to merge result (targetBranch=orch/martin-20260411T215004 commit=1677b541)
[orch] merge/orch-martin-merge-1: merge agent exited (V2) (exitCode=null durationMs=30244 costUsd=0 killed=true)
[orch] merge/W5: wave merge complete: succeeded (mergedLanes=1 failedLane=0 duration=31s)
[orch] merge-health/monitor: merge health monitor stopped (sessionCount=0)
[orch] state/20260411T215004: persisted: merge-complete (phase=merging waveIndex=4)
[orch] state/20260411T215004: persisted: merge-complete (phase=executing waveIndex=4)
[orch] batch/history: saved batch summary (2 entries)
[orch] batch/20260411T215004: cleaned up 7 sidecar file(s)
[orch] batch/20260411T215004: cleaning up worktrees
[orch] batch/20260411T215004: worktree cleanup: 3 removed, 0 preserved (repoId=(default))
[orch] batch/20260411T215004: warning: branch task/martin-lane-1-20260411T215004 not fully merged into orch/martin-20260411T215004 — retained (repoId=(default))
[orch] batch/20260411T215004: warning: branch task/martin-lane-1-20260411T215004 not fully merged into orch/martin-20260411T215004 — retained (repoId=(default))
[orch] batch/20260411T215004: warning: branch task/martin-lane-2-20260411T215004 not fully merged into orch/martin-20260411T215004 — retained (repoId=(default))
[orch] batch/20260411T215004: warning: branch task/martin-lane-3-20260411T215004 not fully merged into orch/martin-20260411T215004 — retained (repoId=(default))
[orch] batch/20260411T215004: warning: branch task/martin-lane-1-20260411T215004 not fully merged into orch/martin-20260411T215004 — retained (repoId=(default))
[orch] batch/20260411T215004: warning: branch task/martin-lane-1-20260411T215004 not fully merged into orch/martin-20260411T215004 — retained (repoId=(default))
[orch] batch/20260411T215004: warning: branch task/martin-lane-1-20260411T215004 not fully merged into orch/martin-20260411T215004 — retained (repoId=(default))
[orch] state/20260411T215004: persisted: batch-terminal (phase=completed waveIndex=4)
[orch] diagnostics/20260411T215004: emitted diagnostic reports (jsonl=/home/martin/dev/pi-clean/.pi/diagnostics/martin-20260411T215004-events.jsonl report=/home/martin/dev/pi-clean/.pi/diagnostics/martin-20260411T215004-report.md taskCount=8)
[orch] state/20260411T215004: state file preserved for /orch-integrate (orchBranch=orch/martin-20260411T215004)
